Microsoft (R) Macro Assembler Version 14.00.23026.0	    05/03/16 14:49:28
Main.asm						     Page 1 - 1



				.386
				.model flat, stdcall
				.stack 4096
 =-0000000B			STD_OUTPUT_HANDLE EQU - 11
				GetStdHandle PROTO, nStdHandle: DWORD
				WriteConsoleA PROTO, handle : DWORD, lpBuffer : PTR BYTE, nNumberOfBytesToWrite : DWORD, lpNumberOfBytesWritten : PTR DWORD, lpReserved : DWORD
				ExitProcess proto, dwExitCode : dword

 00000000			.data
 00000000 00000000		consoleOutHandle dd ?
 00000004 00000000		bytesWritten dd ?
 00000008 48 65 6C 6C 6F	message db "Hello World", 13, 10
	   20 57 6F 72 6C
	   64 0D 0A
 00000015 0000000D		lmessage dd 13

 00000000			.code
 00000000			main proc
				; mov	eax, 5
				; add	eax, 6

					INVOKE GetStdHandle, STD_OUTPUT_HANDLE
 00000007  A3 00000000 R		mov consoleOutHandle, eax
 0000000C  BA 00000008 R		mov edx, offset message
 00000011  60				pushad
 00000012  A1 00000015 R		mov eax, lmessage
					INVOKE WriteConsoleA, consoleOutHandle, edx, eax, offset bytesWritten, 0
 0000002B  61				popad
					INVOKE ExitProcess, 0

				 
 00000033			main endp
				end main
Microsoft (R) Macro Assembler Version 14.00.23026.0	    05/03/16 14:49:28
Main.asm						     Symbols 2 - 1




Segments and Groups:

                N a m e                 Size     Length   Align   Combine Class

FLAT . . . . . . . . . . . . . .	GROUP
STACK  . . . . . . . . . . . . .	32 Bit	 00001000 DWord	  Stack	  'STACK'	 
_DATA  . . . . . . . . . . . . .	32 Bit	 00000019 DWord	  Public  'DATA'	
_TEXT  . . . . . . . . . . . . .	32 Bit	 00000033 DWord	  Public  'CODE'	


Procedures, parameters, and locals:

                N a m e                 Type     Value    Attr

ExitProcess  . . . . . . . . . .	P Near	 00000000 FLAT	Length= 00000000 External STDCALL
GetStdHandle . . . . . . . . . .	P Near	 00000000 FLAT	Length= 00000000 External STDCALL
WriteConsoleA  . . . . . . . . .	P Near	 00000000 FLAT	Length= 00000000 External STDCALL
main . . . . . . . . . . . . . .	P Near	 00000000 _TEXT	Length= 00000033 Public STDCALL


Symbols:

                N a m e                 Type     Value    Attr

@CodeSize  . . . . . . . . . . .	Number	 00000000h   
@DataSize  . . . . . . . . . . .	Number	 00000000h   
@Interface . . . . . . . . . . .	Number	 00000003h   
@Model . . . . . . . . . . . . .	Number	 00000007h   
@code  . . . . . . . . . . . . .	Text   	 _TEXT
@data  . . . . . . . . . . . . .	Text   	 FLAT
@fardata?  . . . . . . . . . . .	Text   	 FLAT
@fardata . . . . . . . . . . . .	Text   	 FLAT
@stack . . . . . . . . . . . . .	Text   	 FLAT
STD_OUTPUT_HANDLE  . . . . . . .	Number	 -0000000Bh   
bytesWritten . . . . . . . . . .	DWord	 00000004 _DATA	
consoleOutHandle . . . . . . . .	DWord	 00000000 _DATA	
lmessage . . . . . . . . . . . .	DWord	 00000015 _DATA	
message  . . . . . . . . . . . .	Byte	 00000008 _DATA	

	   0 Warnings
	   0 Errors
